

Microchip MPLAB XC8 Assembler V2.31 build 20201012212115 
                                                                                               Sun Apr 18 23:29:16 2021

Microchip MPLAB XC8 C Compiler v2.31 (Free license) build 20201012212115 Og1 
     1                           	processor	16F887
     2                           	pagewidth 120
     3                           	opt	flic
     4                           	psect	idataBANK0,global,class=CODE,delta=2,noexec
     5                           	psect	nvCOMMON,global,class=COMMON,space=1,delta=1,noexec
     6                           	psect	nvBANK0,global,class=BANK0,space=1,delta=1,noexec
     7                           	psect	cinit,global,class=CODE,merge=1,delta=2
     8                           	psect	bssCOMMON,global,class=COMMON,space=1,delta=1,noexec
     9                           	psect	dataBANK0,global,class=BANK0,space=1,delta=1,noexec
    10                           	psect	inittext,global,class=CODE,delta=2
    11                           	psect	cstackCOMMON,global,class=COMMON,space=1,delta=1,noexec
    12                           	psect	cstackBANK0,global,class=BANK0,space=1,delta=1,noexec
    13                           	psect	maintext,global,class=CODE,split=1,delta=2
    14                           	psect	text1,local,class=CODE,merge=1,delta=2
    15                           	psect	text2,local,class=CODE,merge=1,delta=2,group=1
    16                           	psect	text3,local,class=CODE,merge=1,delta=2,group=1
    17                           	psect	text4,local,class=CODE,merge=1,delta=2
    18                           	psect	text5,local,class=CODE,merge=1,delta=2
    19                           	psect	text6,local,class=CODE,merge=1,delta=2
    20                           	psect	text7,local,class=CODE,merge=1,delta=2
    21                           	psect	text8,local,class=CODE,merge=1,delta=2
    22                           	psect	text9,local,class=CODE,merge=1,delta=2
    23                           	psect	intentry,global,class=CODE,delta=2
    24                           	psect	text10,local,class=CODE,merge=1,delta=2
    25                           	psect	text11,local,class=CODE,merge=1,delta=2
    26                           	psect	config,global,abs,ovrld,class=CONFIG,space=4,delta=2,noexec
    27                           	dabs	1,0x7E,2
    28  0000                     
    29                           ; Version 2.20
    30                           ; Generated 12/02/2020 GMT
    31                           ; 
    32                           ; Copyright © 2020, Microchip Technology Inc. and its subsidiaries ("Microchip")
    33                           ; All rights reserved.
    34                           ; 
    35                           ; This software is developed by Microchip Technology Inc. and its subsidiaries ("Microch
      +                          ip").
    36                           ; 
    37                           ; Redistribution and use in source and binary forms, with or without modification, are
    38                           ; permitted provided that the following conditions are met:
    39                           ; 
    40                           ;     1. Redistributions of source code must retain the above copyright notice, this lis
      +                          t of
    41                           ;        conditions and the following disclaimer.
    42                           ; 
    43                           ;     2. Redistributions in binary form must reproduce the above copyright notice, this 
      +                          list
    44                           ;        of conditions and the following disclaimer in the documentation and/or other
    45                           ;        materials provided with the distribution.
    46                           ; 
    47                           ;     3. Microchip's name may not be used to endorse or promote products derived from th
      +                          is
    48                           ;        software without specific prior written permission.
    49                           ; 
    50                           ; THIS SOFTWARE IS PROVIDED BY MICROCHIP "AS IS" AND ANY EXPRESS OR IMPLIED WARRANTIES,
    51                           ; INCLUDING, BUT NOT LIMITED TO, THE IMPLIED WARRANTIES OF MERCHANTABILITY AND FITNESS F
      +                          OR
    52                           ; PURPOSE ARE DISCLAIMED.  IN NO EVENT SHALL MICROCHIP BE LIABLE FOR ANY DIRECT, INDIREC
      +                          T,
    53                           ; INCIDENTAL, SPECIAL, EXEMPLARY, OR CONSEQUENTIAL DAMAGES (INCLUDING BUT NOT LIMITED TO
    54                           ; PROCUREMENT OF SUBSTITUTE GOODS OR SERVICES; LOSS OF USE, DATA OR PROFITS; OR BUSINESS
    55                           ; INTERRUPTION) HOWSOEVER CAUSED AND ON ANY THEORY OF LIABILITY, WHETHER IN CONTRACT, ST
      +                          RICT
    56                           ; LIABILITY, OR TORT (INCLUDING NEGLIGENCE OR OTHERWISE) ARISING IN ANY WAY OUT OF THE U
      +                          SE OF
    57                           ; THIS SOFTWARE, EVEN IF ADVISED OF THE POSSIBILITY OF SUCH DAMAGE.
    58                           ; 
    59                           ; 
    60                           ; Code-generator required, PIC16F887 Definitions
    61                           ; 
    62                           ; SFR Addresses
    63  0000                     	;# 
    64  0001                     	;# 
    65  0002                     	;# 
    66  0003                     	;# 
    67  0004                     	;# 
    68  0005                     	;# 
    69  0006                     	;# 
    70  0007                     	;# 
    71  0008                     	;# 
    72  0009                     	;# 
    73  000A                     	;# 
    74  000B                     	;# 
    75  000C                     	;# 
    76  000D                     	;# 
    77  000E                     	;# 
    78  000E                     	;# 
    79  000F                     	;# 
    80  0010                     	;# 
    81  0011                     	;# 
    82  0012                     	;# 
    83  0013                     	;# 
    84  0014                     	;# 
    85  0015                     	;# 
    86  0015                     	;# 
    87  0016                     	;# 
    88  0017                     	;# 
    89  0018                     	;# 
    90  0019                     	;# 
    91  001A                     	;# 
    92  001B                     	;# 
    93  001B                     	;# 
    94  001C                     	;# 
    95  001D                     	;# 
    96  001E                     	;# 
    97  001F                     	;# 
    98  0081                     	;# 
    99  0085                     	;# 
   100  0086                     	;# 
   101  0087                     	;# 
   102  0088                     	;# 
   103  0089                     	;# 
   104  008C                     	;# 
   105  008D                     	;# 
   106  008E                     	;# 
   107  008F                     	;# 
   108  0090                     	;# 
   109  0091                     	;# 
   110  0092                     	;# 
   111  0093                     	;# 
   112  0093                     	;# 
   113  0093                     	;# 
   114  0094                     	;# 
   115  0095                     	;# 
   116  0096                     	;# 
   117  0097                     	;# 
   118  0098                     	;# 
   119  0099                     	;# 
   120  009A                     	;# 
   121  009B                     	;# 
   122  009C                     	;# 
   123  009D                     	;# 
   124  009E                     	;# 
   125  009F                     	;# 
   126  0105                     	;# 
   127  0107                     	;# 
   128  0108                     	;# 
   129  0109                     	;# 
   130  010C                     	;# 
   131  010C                     	;# 
   132  010D                     	;# 
   133  010E                     	;# 
   134  010F                     	;# 
   135  0185                     	;# 
   136  0187                     	;# 
   137  0188                     	;# 
   138  0189                     	;# 
   139  018C                     	;# 
   140  018D                     	;# 
   141  0000                     	;# 
   142  0001                     	;# 
   143  0002                     	;# 
   144  0003                     	;# 
   145  0004                     	;# 
   146  0005                     	;# 
   147  0006                     	;# 
   148  0007                     	;# 
   149  0008                     	;# 
   150  0009                     	;# 
   151  000A                     	;# 
   152  000B                     	;# 
   153  000C                     	;# 
   154  000D                     	;# 
   155  000E                     	;# 
   156  000E                     	;# 
   157  000F                     	;# 
   158  0010                     	;# 
   159  0011                     	;# 
   160  0012                     	;# 
   161  0013                     	;# 
   162  0014                     	;# 
   163  0015                     	;# 
   164  0015                     	;# 
   165  0016                     	;# 
   166  0017                     	;# 
   167  0018                     	;# 
   168  0019                     	;# 
   169  001A                     	;# 
   170  001B                     	;# 
   171  001B                     	;# 
   172  001C                     	;# 
   173  001D                     	;# 
   174  001E                     	;# 
   175  001F                     	;# 
   176  0081                     	;# 
   177  0085                     	;# 
   178  0086                     	;# 
   179  0087                     	;# 
   180  0088                     	;# 
   181  0089                     	;# 
   182  008C                     	;# 
   183  008D                     	;# 
   184  008E                     	;# 
   185  008F                     	;# 
   186  0090                     	;# 
   187  0091                     	;# 
   188  0092                     	;# 
   189  0093                     	;# 
   190  0093                     	;# 
   191  0093                     	;# 
   192  0094                     	;# 
   193  0095                     	;# 
   194  0096                     	;# 
   195  0097                     	;# 
   196  0098                     	;# 
   197  0099                     	;# 
   198  009A                     	;# 
   199  009B                     	;# 
   200  009C                     	;# 
   201  009D                     	;# 
   202  009E                     	;# 
   203  009F                     	;# 
   204  0105                     	;# 
   205  0107                     	;# 
   206  0108                     	;# 
   207  0109                     	;# 
   208  010C                     	;# 
   209  010C                     	;# 
   210  010D                     	;# 
   211  010E                     	;# 
   212  010F                     	;# 
   213  0185                     	;# 
   214  0187                     	;# 
   215  0188                     	;# 
   216  0189                     	;# 
   217  018C                     	;# 
   218  018D                     	;# 
   219                           
   220                           	psect	idataBANK0
   221  01E0                     __pidataBANK0:
   222                           
   223                           ;initializer for _tab7seg
   224  01E0  343F               	retlw	63
   225  01E1  3406               	retlw	6
   226  01E2  345B               	retlw	91
   227  01E3  344F               	retlw	79
   228  01E4  3466               	retlw	102
   229  01E5  346D               	retlw	109
   230  01E6  347D               	retlw	125
   231  01E7  3407               	retlw	7
   232  01E8  347F               	retlw	127
   233  01E9  3467               	retlw	103
   234                           
   235                           	psect	nvCOMMON
   236  0078                     __pnvCOMMON:
   237  0078                     _num:
   238  0078                     	ds	2
   239                           
   240                           	psect	nvBANK0
   241  0020                     __pnvBANK0:
   242  0020                     _cdisp:
   243  0020                     	ds	2
   244  0022                     _ddisp:
   245  0022                     	ds	2
   246  0024                     _udisp:
   247  0024                     	ds	2
   248  0026                     _num2:
   249  0026                     	ds	2
   250  0028                     _num1:
   251  0028                     	ds	2
   252  002A                     _num0:
   253  002A                     	ds	2
   254  0006                     _PORTB	set	6
   255  0007                     _PORTC	set	7
   256  0006                     _PORTBbits	set	6
   257  0001                     _TMR0	set	1
   258  0005                     _PORTA	set	5
   259  0008                     _PORTD	set	8
   260  000B                     _INTCONbits	set	11
   261  0096                     _IOCB	set	150
   262  008F                     _OSCCONbits	set	143
   263  0095                     _WPUB	set	149
   264  0081                     _OPTION_REGbits	set	129
   265  0088                     _TRISD	set	136
   266  0085                     _TRISA	set	133
   267  0087                     _TRISC	set	135
   268  0086                     _TRISB	set	134
   269  0189                     _ANSELH	set	393
   270  0188                     _ANSEL	set	392
   271                           
   272                           	psect	cinit
   273  000F                     start_initialization:	
   274                           ; #config settings
   275                           
   276  000F                     __initialization:
   277                           
   278                           ; Initialize objects allocated to BANK0
   279  000F  1383               	bcf	3,7	;select IRP bank0
   280  0010  3036               	movlw	low (__pdataBANK0+10)
   281  0011  00FD               	movwf	btemp+-1
   282  0012  3001               	movlw	high __pidataBANK0
   283  0013  00FE               	movwf	btemp
   284  0014  30E0               	movlw	low __pidataBANK0
   285  0015  00FF               	movwf	btemp+1
   286  0016  302C               	movlw	low __pdataBANK0
   287  0017  0084               	movwf	4
   288  0018  120A  118A  21B2  120A  118A  	fcall	init_ram0
   289                           
   290                           ; Clear objects allocated to COMMON
   291  001D  01FA               	clrf	__pbssCOMMON& (0+127)
   292  001E                     end_of_initialization:	
   293                           ;End of C runtime variable initialization code
   294                           
   295  001E                     __end_of__initialization:
   296  001E  0183               	clrf	3
   297  001F  120A  118A  295F   	ljmp	_main	;jump to C main() function
   298                           
   299                           	psect	bssCOMMON
   300  007A                     __pbssCOMMON:
   301  007A                     _cont:
   302  007A                     	ds	1
   303                           
   304                           	psect	dataBANK0
   305  002C                     __pdataBANK0:
   306  002C                     _tab7seg:
   307  002C                     	ds	10
   308                           
   309                           	psect	inittext
   310  01AE                     init_fetch0:	
   311                           ;	Called with low address in FSR and high address in W
   312                           
   313  01AE  087E               	movf	btemp,w
   314  01AF  008A               	movwf	10
   315  01B0  087F               	movf	btemp+1,w
   316  01B1  0082               	movwf	2
   317  01B2                     init_ram0:	
   318                           ;Called with:
   319                           ;	high address of idata address in btemp 
   320                           ;	low address of idata address in btemp+1 
   321                           ;	low address of data in FSR
   322                           ;	high address + 1 of data in btemp-1
   323                           
   324  01B2  120A  118A  21AE  120A  118A  	fcall	init_fetch0
   325  01B7  0080               	movwf	0
   326  01B8  0A84               	incf	4,f
   327  01B9  0804               	movf	4,w
   328  01BA  067D               	xorwf	btemp+-1,w
   329  01BB  1903               	btfsc	3,2
   330  01BC  3400               	retlw	0
   331  01BD  0AFF               	incf	btemp+1,f
   332  01BE  1903               	btfsc	3,2
   333  01BF  0AFE               	incf	btemp,f
   334  01C0  29B2               	goto	init_ram0
   335                           
   336                           	psect	cstackCOMMON
   337  0070                     __pcstackCOMMON:
   338  0070                     ?_int_t0:
   339  0070                     ??_int_t0:	
   340                           ; 1 bytes @ 0x0
   341                           
   342  0070                     ?_int_iocb:	
   343                           ; 1 bytes @ 0x0
   344                           
   345  0070                     ??_int_iocb:	
   346                           ; 1 bytes @ 0x0
   347                           
   348  0070                     ?_cfg_io:	
   349                           ; 1 bytes @ 0x0
   350                           
   351  0070                     ?_cfg_clk:	
   352                           ; 1 bytes @ 0x0
   353                           
   354  0070                     ?_cfg_inte:	
   355                           ; 1 bytes @ 0x0
   356                           
   357  0070                     ?_cfg_iocb:	
   358                           ; 1 bytes @ 0x0
   359                           
   360  0070                     ?_cfg_t0:	
   361                           ; 1 bytes @ 0x0
   362                           
   363  0070                     ?_decim:	
   364                           ; 1 bytes @ 0x0
   365                           
   366  0070                     ?_isr:	
   367                           ; 1 bytes @ 0x0
   368                           
   369  0070                     ?_main:	
   370                           ; 1 bytes @ 0x0
   371                           
   372                           
   373                           ; 1 bytes @ 0x0
   374  0070                     	ds	1
   375  0071                     ??_isr:
   376                           
   377                           ; 1 bytes @ 0x1
   378  0071                     	ds	2
   379  0073                     ??_cfg_io:
   380  0073                     ??_cfg_clk:	
   381                           ; 1 bytes @ 0x3
   382                           
   383  0073                     ??_cfg_inte:	
   384                           ; 1 bytes @ 0x3
   385                           
   386  0073                     ??_cfg_iocb:	
   387                           ; 1 bytes @ 0x3
   388                           
   389  0073                     ??_cfg_t0:	
   390                           ; 1 bytes @ 0x3
   391                           
   392  0073                     ?___wmul:	
   393                           ; 1 bytes @ 0x3
   394                           
   395  0073                     ?___awdiv:	
   396                           ; 2 bytes @ 0x3
   397                           
   398  0073                     ___wmul@multiplier:	
   399                           ; 2 bytes @ 0x3
   400                           
   401  0073                     ___awdiv@divisor:	
   402                           ; 2 bytes @ 0x3
   403                           
   404                           
   405                           ; 2 bytes @ 0x3
   406  0073                     	ds	2
   407  0075                     ___wmul@multiplicand:
   408  0075                     ___awdiv@dividend:	
   409                           ; 2 bytes @ 0x5
   410                           
   411                           
   412                           ; 2 bytes @ 0x5
   413  0075                     	ds	2
   414  0077                     ??___wmul:
   415  0077                     ??___awdiv:	
   416                           ; 1 bytes @ 0x7
   417                           
   418                           
   419                           ; 1 bytes @ 0x7
   420  0077                     	ds	1
   421  0078                     ??_main:
   422                           
   423                           	psect	cstackBANK0
   424  0036                     __pcstackBANK0:	
   425                           ; 1 bytes @ 0x8
   426                           
   427  0036                     ___awdiv@counter:
   428  0036                     ___wmul@product:	
   429                           ; 1 bytes @ 0x0
   430                           
   431                           
   432                           ; 2 bytes @ 0x0
   433  0036                     	ds	1
   434  0037                     ___awdiv@sign:
   435                           
   436                           ; 1 bytes @ 0x1
   437  0037                     	ds	1
   438  0038                     ___awdiv@quotient:
   439                           
   440                           ; 2 bytes @ 0x2
   441  0038                     	ds	2
   442  003A                     ??_decim:
   443                           
   444                           ; 1 bytes @ 0x4
   445  003A                     	ds	2
   446                           
   447                           	psect	maintext
   448  015F                     __pmaintext:	
   449 ;;
   450 ;;Main: autosize = 0, tempsize = 0, incstack = 0, save=0
   451 ;;
   452 ;; *************** function _main *****************
   453 ;; Defined at:
   454 ;;		line 113 in file "LAB7.c"
   455 ;; Parameters:    Size  Location     Type
   456 ;;		None
   457 ;; Auto vars:     Size  Location     Type
   458 ;;		None
   459 ;; Return value:  Size  Location     Type
   460 ;;                  1    wreg      void 
   461 ;; Registers used:
   462 ;;		wreg, fsr0l, fsr0h, status,2, status,0, pclath, cstack
   463 ;; Tracked objects:
   464 ;;		On entry : B00/0
   465 ;;		On exit  : 0/0
   466 ;;		Unchanged: 0/0
   467 ;; Data sizes:     COMMON   BANK0   BANK1   BANK3   BANK2
   468 ;;      Params:         0       0       0       0       0
   469 ;;      Locals:         0       0       0       0       0
   470 ;;      Temps:          0       0       0       0       0
   471 ;;      Totals:         0       0       0       0       0
   472 ;;Total ram usage:        0 bytes
   473 ;; Hardware stack levels required when called:    4
   474 ;; This function calls:
   475 ;;		_cfg_clk
   476 ;;		_cfg_inte
   477 ;;		_cfg_io
   478 ;;		_cfg_iocb
   479 ;;		_cfg_t0
   480 ;;		_decim
   481 ;; This function is called by:
   482 ;;		Startup code after reset
   483 ;; This function uses a non-reentrant model
   484 ;;
   485                           
   486                           
   487                           ;psect for function _main
   488  015F                     _main:
   489  015F                     l1014:	
   490                           ;incstack = 0
   491                           ; Regs used in _main: [wreg-fsr0h+status,2+status,0+pclath+cstack]
   492                           
   493                           
   494                           ;LAB7.c: 114:     cfg_io();
   495  015F  120A  118A  219A  120A  118A  	fcall	_cfg_io
   496  0164                     l1016:
   497                           
   498                           ;LAB7.c: 115:     cfg_clk();
   499  0164  120A  118A  21EA  120A  118A  	fcall	_cfg_clk
   500  0169                     l1018:
   501                           
   502                           ;LAB7.c: 116:     cfg_inte();
   503  0169  120A  118A  21F7  120A  118A  	fcall	_cfg_inte
   504                           
   505                           ;LAB7.c: 117:     cfg_iocb();
   506  016E  120A  118A  21F1  120A  118A  	fcall	_cfg_iocb
   507                           
   508                           ;LAB7.c: 118:     cfg_t0();
   509  0173  120A  118A  21D3  120A  118A  	fcall	_cfg_t0
   510  0178                     l1020:
   511                           
   512                           ;LAB7.c: 123:         decim();
   513  0178  120A  118A  2022  120A  118A  	fcall	_decim
   514  017D  2978               	goto	l1020
   515  017E  120A  118A  280C   	ljmp	start
   516  0181                     __end_of_main:
   517                           
   518                           	psect	text1
   519  0022                     __ptext1:	
   520 ;; *************** function _decim *****************
   521 ;; Defined at:
   522 ;;		line 130 in file "LAB7.c"
   523 ;; Parameters:    Size  Location     Type
   524 ;;		None
   525 ;; Auto vars:     Size  Location     Type
   526 ;;		None
   527 ;; Return value:  Size  Location     Type
   528 ;;                  1    wreg      void 
   529 ;; Registers used:
   530 ;;		wreg, fsr0l, fsr0h, status,2, status,0, pclath, cstack
   531 ;; Tracked objects:
   532 ;;		On entry : 0/0
   533 ;;		On exit  : 0/0
   534 ;;		Unchanged: 0/0
   535 ;; Data sizes:     COMMON   BANK0   BANK1   BANK3   BANK2
   536 ;;      Params:         0       0       0       0       0
   537 ;;      Locals:         0       0       0       0       0
   538 ;;      Temps:          0       2       0       0       0
   539 ;;      Totals:         0       2       0       0       0
   540 ;;Total ram usage:        2 bytes
   541 ;; Hardware stack levels used:    1
   542 ;; Hardware stack levels required when called:    3
   543 ;; This function calls:
   544 ;;		___awdiv
   545 ;;		___wmul
   546 ;; This function is called by:
   547 ;;		_main
   548 ;; This function uses a non-reentrant model
   549 ;;
   550                           
   551                           
   552                           ;psect for function _decim
   553  0022                     _decim:
   554  0022                     l998:	
   555                           ;incstack = 0
   556                           ; Regs used in _decim: [wreg-fsr0h+status,2+status,0+pclath+cstack]
   557                           
   558                           
   559                           ;LAB7.c: 131:     num = PORTC;
   560  0022  1283               	bcf	3,5	;RP0=0, select bank0
   561  0023  1303               	bcf	3,6	;RP1=0, select bank0
   562  0024  0807               	movf	7,w	;volatile
   563  0025  00BA               	movwf	??_decim
   564  0026  01BB               	clrf	??_decim+1
   565  0027  083A               	movf	??_decim,w
   566  0028  00F8               	movwf	_num
   567  0029  083B               	movf	??_decim+1,w
   568  002A  00F9               	movwf	_num+1
   569  002B                     l1000:
   570                           
   571                           ;LAB7.c: 132:     num2 = (num / 100);
   572  002B  3064               	movlw	100
   573  002C  00F3               	movwf	___awdiv@divisor
   574  002D  3000               	movlw	0
   575  002E  00F4               	movwf	___awdiv@divisor+1
   576  002F  0879               	movf	_num+1,w
   577  0030  00F6               	movwf	___awdiv@dividend+1
   578  0031  0878               	movf	_num,w
   579  0032  00F5               	movwf	___awdiv@dividend
   580  0033  120A  118A  20A1  120A  118A  	fcall	___awdiv
   581  0038  0874               	movf	?___awdiv+1,w
   582  0039  1283               	bcf	3,5	;RP0=0, select bank0
   583  003A  1303               	bcf	3,6	;RP1=0, select bank0
   584  003B  00A7               	movwf	_num2+1
   585  003C  0873               	movf	?___awdiv,w
   586  003D  00A6               	movwf	_num2
   587  003E                     l1002:
   588                           
   589                           ;LAB7.c: 133:     num = (num - (num2*100));
   590  003E  0827               	movf	_num2+1,w
   591  003F  00F4               	movwf	___wmul@multiplier+1
   592  0040  0826               	movf	_num2,w
   593  0041  00F3               	movwf	___wmul@multiplier
   594  0042  309C               	movlw	156
   595  0043  00F5               	movwf	___wmul@multiplicand
   596  0044  30FF               	movlw	255
   597  0045  00F6               	movwf	___wmul@multiplicand+1
   598  0046  120A  118A  210A  120A  118A  	fcall	___wmul
   599  004B  0878               	movf	_num,w
   600  004C  0773               	addwf	?___wmul,w
   601  004D  00F8               	movwf	_num
   602  004E  0879               	movf	_num+1,w
   603  004F  1803               	skipnc
   604  0050  0A79               	incf	_num+1,w
   605  0051  0774               	addwf	?___wmul+1,w
   606  0052  00F9               	movwf	_num+1
   607  0053                     l1004:
   608                           
   609                           ;LAB7.c: 134:     num1 = (num /10);
   610  0053  300A               	movlw	10
   611  0054  00F3               	movwf	___awdiv@divisor
   612  0055  3000               	movlw	0
   613  0056  00F4               	movwf	___awdiv@divisor+1
   614  0057  0879               	movf	_num+1,w
   615  0058  00F6               	movwf	___awdiv@dividend+1
   616  0059  0878               	movf	_num,w
   617  005A  00F5               	movwf	___awdiv@dividend
   618  005B  120A  118A  20A1  120A  118A  	fcall	___awdiv
   619  0060  0874               	movf	?___awdiv+1,w
   620  0061  1283               	bcf	3,5	;RP0=0, select bank0
   621  0062  1303               	bcf	3,6	;RP1=0, select bank0
   622  0063  00A9               	movwf	_num1+1
   623  0064  0873               	movf	?___awdiv,w
   624  0065  00A8               	movwf	_num1
   625  0066                     l1006:
   626                           
   627                           ;LAB7.c: 135:     num = num - (num1*10);
   628  0066  0829               	movf	_num1+1,w
   629  0067  00F4               	movwf	___wmul@multiplier+1
   630  0068  0828               	movf	_num1,w
   631  0069  00F3               	movwf	___wmul@multiplier
   632  006A  30F6               	movlw	246
   633  006B  00F5               	movwf	___wmul@multiplicand
   634  006C  30FF               	movlw	255
   635  006D  00F6               	movwf	___wmul@multiplicand+1
   636  006E  120A  118A  210A  120A  118A  	fcall	___wmul
   637  0073  0878               	movf	_num,w
   638  0074  0773               	addwf	?___wmul,w
   639  0075  00F8               	movwf	_num
   640  0076  0879               	movf	_num+1,w
   641  0077  1803               	skipnc
   642  0078  0A79               	incf	_num+1,w
   643  0079  0774               	addwf	?___wmul+1,w
   644  007A  00F9               	movwf	_num+1
   645                           
   646                           ;LAB7.c: 136:     num0 = num;
   647  007B  0879               	movf	_num+1,w
   648  007C  1283               	bcf	3,5	;RP0=0, select bank0
   649  007D  1303               	bcf	3,6	;RP1=0, select bank0
   650  007E  00AB               	movwf	_num0+1
   651  007F  0878               	movf	_num,w
   652  0080  00AA               	movwf	_num0
   653  0081                     l1008:
   654                           
   655                           ;LAB7.c: 138:     udisp = tab7seg[num0];
   656  0081  082A               	movf	_num0,w
   657  0082  3E2C               	addlw	(low (_tab7seg| 0))& (0+255)
   658  0083  0084               	movwf	4
   659  0084  1383               	bcf	3,7	;select IRP bank0
   660  0085  0800               	movf	0,w
   661  0086  00BA               	movwf	??_decim
   662  0087  01BB               	clrf	??_decim+1
   663  0088  083A               	movf	??_decim,w
   664  0089  00A4               	movwf	_udisp
   665  008A  083B               	movf	??_decim+1,w
   666  008B  00A5               	movwf	_udisp+1
   667  008C                     l1010:
   668                           
   669                           ;LAB7.c: 139:     ddisp = tab7seg[num1];
   670  008C  0828               	movf	_num1,w
   671  008D  3E2C               	addlw	(low (_tab7seg| 0))& (0+255)
   672  008E  0084               	movwf	4
   673  008F  0800               	movf	0,w
   674  0090  00BA               	movwf	??_decim
   675  0091  01BB               	clrf	??_decim+1
   676  0092  083A               	movf	??_decim,w
   677  0093  00A2               	movwf	_ddisp
   678  0094  083B               	movf	??_decim+1,w
   679  0095  00A3               	movwf	_ddisp+1
   680  0096                     l1012:
   681                           
   682                           ;LAB7.c: 140:     cdisp = tab7seg[num2];
   683  0096  0826               	movf	_num2,w
   684  0097  3E2C               	addlw	(low (_tab7seg| 0))& (0+255)
   685  0098  0084               	movwf	4
   686  0099  0800               	movf	0,w
   687  009A  00BA               	movwf	??_decim
   688  009B  01BB               	clrf	??_decim+1
   689  009C  083A               	movf	??_decim,w
   690  009D  00A0               	movwf	_cdisp
   691  009E  083B               	movf	??_decim+1,w
   692  009F  00A1               	movwf	_cdisp+1
   693  00A0                     l99:
   694  00A0  0008               	return
   695  00A1                     __end_of_decim:
   696                           
   697                           	psect	text2
   698  010A                     __ptext2:	
   699 ;; *************** function ___wmul *****************
   700 ;; Defined at:
   701 ;;		line 15 in file "C:\Program Files\Microchip\xc8\v2.31\pic\sources\c90\common\Umul16.c"
   702 ;; Parameters:    Size  Location     Type
   703 ;;  multiplier      2    3[COMMON] unsigned int 
   704 ;;  multiplicand    2    5[COMMON] unsigned int 
   705 ;; Auto vars:     Size  Location     Type
   706 ;;  product         2    0[BANK0 ] unsigned int 
   707 ;; Return value:  Size  Location     Type
   708 ;;                  2    3[COMMON] unsigned int 
   709 ;; Registers used:
   710 ;;		wreg, status,2, status,0
   711 ;; Tracked objects:
   712 ;;		On entry : 0/0
   713 ;;		On exit  : 0/0
   714 ;;		Unchanged: 0/0
   715 ;; Data sizes:     COMMON   BANK0   BANK1   BANK3   BANK2
   716 ;;      Params:         4       0       0       0       0
   717 ;;      Locals:         0       2       0       0       0
   718 ;;      Temps:          0       0       0       0       0
   719 ;;      Totals:         4       2       0       0       0
   720 ;;Total ram usage:        6 bytes
   721 ;; Hardware stack levels used:    1
   722 ;; Hardware stack levels required when called:    2
   723 ;; This function calls:
   724 ;;		Nothing
   725 ;; This function is called by:
   726 ;;		_decim
   727 ;; This function uses a non-reentrant model
   728 ;;
   729                           
   730                           
   731                           ;psect for function ___wmul
   732  010A                     ___wmul:
   733  010A                     l984:	
   734                           ;incstack = 0
   735                           ; Regs used in ___wmul: [wreg+status,2+status,0]
   736                           
   737  010A  1283               	bcf	3,5	;RP0=0, select bank0
   738  010B  1303               	bcf	3,6	;RP1=0, select bank0
   739  010C  01B6               	clrf	___wmul@product
   740  010D  01B7               	clrf	___wmul@product+1
   741  010E                     l986:
   742  010E  1C73               	btfss	___wmul@multiplier,0
   743  010F  2911               	goto	u411
   744  0110  2912               	goto	u410
   745  0111                     u411:
   746  0111  291A               	goto	l200
   747  0112                     u410:
   748  0112                     l988:
   749  0112  0875               	movf	___wmul@multiplicand,w
   750  0113  1283               	bcf	3,5	;RP0=0, select bank0
   751  0114  1303               	bcf	3,6	;RP1=0, select bank0
   752  0115  07B6               	addwf	___wmul@product,f
   753  0116  1803               	skipnc
   754  0117  0AB7               	incf	___wmul@product+1,f
   755  0118  0876               	movf	___wmul@multiplicand+1,w
   756  0119  07B7               	addwf	___wmul@product+1,f
   757  011A                     l200:
   758  011A  3001               	movlw	1
   759  011B                     u425:
   760  011B  1003               	clrc
   761  011C  0DF5               	rlf	___wmul@multiplicand,f
   762  011D  0DF6               	rlf	___wmul@multiplicand+1,f
   763  011E  3EFF               	addlw	-1
   764  011F  1D03               	skipz
   765  0120  291B               	goto	u425
   766  0121                     l990:
   767  0121  3001               	movlw	1
   768  0122                     u435:
   769  0122  1003               	clrc
   770  0123  0CF4               	rrf	___wmul@multiplier+1,f
   771  0124  0CF3               	rrf	___wmul@multiplier,f
   772  0125  3EFF               	addlw	-1
   773  0126  1D03               	skipz
   774  0127  2922               	goto	u435
   775  0128                     l992:
   776  0128  0873               	movf	___wmul@multiplier,w
   777  0129  0474               	iorwf	___wmul@multiplier+1,w
   778  012A  1D03               	btfss	3,2
   779  012B  292D               	goto	u441
   780  012C  292E               	goto	u440
   781  012D                     u441:
   782  012D  290E               	goto	l986
   783  012E                     u440:
   784  012E                     l994:
   785  012E  1283               	bcf	3,5	;RP0=0, select bank0
   786  012F  1303               	bcf	3,6	;RP1=0, select bank0
   787  0130  0837               	movf	___wmul@product+1,w
   788  0131  00F4               	movwf	?___wmul+1
   789  0132  0836               	movf	___wmul@product,w
   790  0133  00F3               	movwf	?___wmul
   791  0134                     l202:
   792  0134  0008               	return
   793  0135                     __end_of___wmul:
   794                           
   795                           	psect	text3
   796  00A1                     __ptext3:	
   797 ;; *************** function ___awdiv *****************
   798 ;; Defined at:
   799 ;;		line 5 in file "C:\Program Files\Microchip\xc8\v2.31\pic\sources\c90\common\awdiv.c"
   800 ;; Parameters:    Size  Location     Type
   801 ;;  divisor         2    3[COMMON] int 
   802 ;;  dividend        2    5[COMMON] int 
   803 ;; Auto vars:     Size  Location     Type
   804 ;;  quotient        2    2[BANK0 ] int 
   805 ;;  sign            1    1[BANK0 ] unsigned char 
   806 ;;  counter         1    0[BANK0 ] unsigned char 
   807 ;; Return value:  Size  Location     Type
   808 ;;                  2    3[COMMON] int 
   809 ;; Registers used:
   810 ;;		wreg, status,2, status,0
   811 ;; Tracked objects:
   812 ;;		On entry : 0/0
   813 ;;		On exit  : 0/0
   814 ;;		Unchanged: 0/0
   815 ;; Data sizes:     COMMON   BANK0   BANK1   BANK3   BANK2
   816 ;;      Params:         4       0       0       0       0
   817 ;;      Locals:         0       4       0       0       0
   818 ;;      Temps:          1       0       0       0       0
   819 ;;      Totals:         5       4       0       0       0
   820 ;;Total ram usage:        9 bytes
   821 ;; Hardware stack levels used:    1
   822 ;; Hardware stack levels required when called:    2
   823 ;; This function calls:
   824 ;;		Nothing
   825 ;; This function is called by:
   826 ;;		_decim
   827 ;; This function uses a non-reentrant model
   828 ;;
   829                           
   830                           
   831                           ;psect for function ___awdiv
   832  00A1                     ___awdiv:
   833  00A1                     l882:	
   834                           ;incstack = 0
   835                           ; Regs used in ___awdiv: [wreg+status,2+status,0]
   836                           
   837  00A1  1283               	bcf	3,5	;RP0=0, select bank0
   838  00A2  1303               	bcf	3,6	;RP1=0, select bank0
   839  00A3  01B7               	clrf	___awdiv@sign
   840  00A4                     l884:
   841  00A4  1FF4               	btfss	___awdiv@divisor+1,7
   842  00A5  28A7               	goto	u261
   843  00A6  28A8               	goto	u260
   844  00A7                     u261:
   845  00A7  28AF               	goto	l890
   846  00A8                     u260:
   847  00A8                     l886:
   848  00A8  09F3               	comf	___awdiv@divisor,f
   849  00A9  09F4               	comf	___awdiv@divisor+1,f
   850  00AA  0AF3               	incf	___awdiv@divisor,f
   851  00AB  1903               	skipnz
   852  00AC  0AF4               	incf	___awdiv@divisor+1,f
   853  00AD                     l888:
   854  00AD  01B7               	clrf	___awdiv@sign
   855  00AE  0AB7               	incf	___awdiv@sign,f
   856  00AF                     l890:
   857  00AF  1FF6               	btfss	___awdiv@dividend+1,7
   858  00B0  28B2               	goto	u271
   859  00B1  28B3               	goto	u270
   860  00B2                     u271:
   861  00B2  28BC               	goto	l896
   862  00B3                     u270:
   863  00B3                     l892:
   864  00B3  09F5               	comf	___awdiv@dividend,f
   865  00B4  09F6               	comf	___awdiv@dividend+1,f
   866  00B5  0AF5               	incf	___awdiv@dividend,f
   867  00B6  1903               	skipnz
   868  00B7  0AF6               	incf	___awdiv@dividend+1,f
   869  00B8                     l894:
   870  00B8  3001               	movlw	1
   871  00B9  00F7               	movwf	??___awdiv
   872  00BA  0877               	movf	??___awdiv,w
   873  00BB  06B7               	xorwf	___awdiv@sign,f
   874  00BC                     l896:
   875  00BC  01B8               	clrf	___awdiv@quotient
   876  00BD  01B9               	clrf	___awdiv@quotient+1
   877  00BE                     l898:
   878  00BE  0873               	movf	___awdiv@divisor,w
   879  00BF  0474               	iorwf	___awdiv@divisor+1,w
   880  00C0  1903               	btfsc	3,2
   881  00C1  28C3               	goto	u281
   882  00C2  28C4               	goto	u280
   883  00C3                     u281:
   884  00C3  28FB               	goto	l918
   885  00C4                     u280:
   886  00C4                     l900:
   887  00C4  01B6               	clrf	___awdiv@counter
   888  00C5  0AB6               	incf	___awdiv@counter,f
   889  00C6  28D2               	goto	l906
   890  00C7                     l902:
   891  00C7  3001               	movlw	1
   892  00C8                     u295:
   893  00C8  1003               	clrc
   894  00C9  0DF3               	rlf	___awdiv@divisor,f
   895  00CA  0DF4               	rlf	___awdiv@divisor+1,f
   896  00CB  3EFF               	addlw	-1
   897  00CC  1D03               	skipz
   898  00CD  28C8               	goto	u295
   899  00CE                     l904:
   900  00CE  3001               	movlw	1
   901  00CF  00F7               	movwf	??___awdiv
   902  00D0  0877               	movf	??___awdiv,w
   903  00D1  07B6               	addwf	___awdiv@counter,f
   904  00D2                     l906:
   905  00D2  1FF4               	btfss	___awdiv@divisor+1,7
   906  00D3  28D5               	goto	u301
   907  00D4  28D6               	goto	u300
   908  00D5                     u301:
   909  00D5  28C7               	goto	l902
   910  00D6                     u300:
   911  00D6                     l908:
   912  00D6  3001               	movlw	1
   913  00D7                     u315:
   914  00D7  1003               	clrc
   915  00D8  0DB8               	rlf	___awdiv@quotient,f
   916  00D9  0DB9               	rlf	___awdiv@quotient+1,f
   917  00DA  3EFF               	addlw	-1
   918  00DB  1D03               	skipz
   919  00DC  28D7               	goto	u315
   920  00DD  0874               	movf	___awdiv@divisor+1,w
   921  00DE  0276               	subwf	___awdiv@dividend+1,w
   922  00DF  1D03               	skipz
   923  00E0  28E3               	goto	u325
   924  00E1  0873               	movf	___awdiv@divisor,w
   925  00E2  0275               	subwf	___awdiv@dividend,w
   926  00E3                     u325:
   927  00E3  1C03               	skipc
   928  00E4  28E6               	goto	u321
   929  00E5  28E7               	goto	u320
   930  00E6                     u321:
   931  00E6  28EE               	goto	l914
   932  00E7                     u320:
   933  00E7                     l910:
   934  00E7  0873               	movf	___awdiv@divisor,w
   935  00E8  02F5               	subwf	___awdiv@dividend,f
   936  00E9  0874               	movf	___awdiv@divisor+1,w
   937  00EA  1C03               	skipc
   938  00EB  03F6               	decf	___awdiv@dividend+1,f
   939  00EC  02F6               	subwf	___awdiv@dividend+1,f
   940  00ED                     l912:
   941  00ED  1438               	bsf	___awdiv@quotient,0
   942  00EE                     l914:
   943  00EE  3001               	movlw	1
   944  00EF                     u335:
   945  00EF  1003               	clrc
   946  00F0  0CF4               	rrf	___awdiv@divisor+1,f
   947  00F1  0CF3               	rrf	___awdiv@divisor,f
   948  00F2  3EFF               	addlw	-1
   949  00F3  1D03               	skipz
   950  00F4  28EF               	goto	u335
   951  00F5                     l916:
   952  00F5  3001               	movlw	1
   953  00F6  02B6               	subwf	___awdiv@counter,f
   954  00F7  1D03               	btfss	3,2
   955  00F8  28FA               	goto	u341
   956  00F9  28FB               	goto	u340
   957  00FA                     u341:
   958  00FA  28D6               	goto	l908
   959  00FB                     u340:
   960  00FB                     l918:
   961  00FB  0837               	movf	___awdiv@sign,w
   962  00FC  1903               	btfsc	3,2
   963  00FD  28FF               	goto	u351
   964  00FE  2900               	goto	u350
   965  00FF                     u351:
   966  00FF  2905               	goto	l922
   967  0100                     u350:
   968  0100                     l920:
   969  0100  09B8               	comf	___awdiv@quotient,f
   970  0101  09B9               	comf	___awdiv@quotient+1,f
   971  0102  0AB8               	incf	___awdiv@quotient,f
   972  0103  1903               	skipnz
   973  0104  0AB9               	incf	___awdiv@quotient+1,f
   974  0105                     l922:
   975  0105  0839               	movf	___awdiv@quotient+1,w
   976  0106  00F4               	movwf	?___awdiv+1
   977  0107  0838               	movf	___awdiv@quotient,w
   978  0108  00F3               	movwf	?___awdiv
   979  0109                     l353:
   980  0109  0008               	return
   981  010A                     __end_of___awdiv:
   982                           
   983                           	psect	text4
   984  01D3                     __ptext4:	
   985 ;; *************** function _cfg_t0 *****************
   986 ;; Defined at:
   987 ;;		line 200 in file "LAB7.c"
   988 ;; Parameters:    Size  Location     Type
   989 ;;		None
   990 ;; Auto vars:     Size  Location     Type
   991 ;;		None
   992 ;; Return value:  Size  Location     Type
   993 ;;                  1    wreg      void 
   994 ;; Registers used:
   995 ;;		wreg
   996 ;; Tracked objects:
   997 ;;		On entry : 0/0
   998 ;;		On exit  : 0/0
   999 ;;		Unchanged: 0/0
  1000 ;; Data sizes:     COMMON   BANK0   BANK1   BANK3   BANK2
  1001 ;;      Params:         0       0       0       0       0
  1002 ;;      Locals:         0       0       0       0       0
  1003 ;;      Temps:          0       0       0       0       0
  1004 ;;      Totals:         0       0       0       0       0
  1005 ;;Total ram usage:        0 bytes
  1006 ;; Hardware stack levels used:    1
  1007 ;; Hardware stack levels required when called:    2
  1008 ;; This function calls:
  1009 ;;		Nothing
  1010 ;; This function is called by:
  1011 ;;		_main
  1012 ;; This function uses a non-reentrant model
  1013 ;;
  1014                           
  1015                           
  1016                           ;psect for function _cfg_t0
  1017  01D3                     _cfg_t0:
  1018  01D3                     l828:	
  1019                           ;incstack = 0
  1020                           ; Regs used in _cfg_t0: [wreg]
  1021                           
  1022                           
  1023                           ;LAB7.c: 201:     OPTION_REGbits.T0CS = 0;
  1024  01D3  1683               	bsf	3,5	;RP0=1, select bank1
  1025  01D4  1303               	bcf	3,6	;RP1=0, select bank1
  1026  01D5  1281               	bcf	1,5	;volatile
  1027                           
  1028                           ;LAB7.c: 202:     OPTION_REGbits.PSA = 0;
  1029  01D6  1181               	bcf	1,3	;volatile
  1030                           
  1031                           ;LAB7.c: 203:     OPTION_REGbits.PS2 = 1;
  1032  01D7  1501               	bsf	1,2	;volatile
  1033                           
  1034                           ;LAB7.c: 204:     OPTION_REGbits.PS1 = 1;
  1035  01D8  1481               	bsf	1,1	;volatile
  1036                           
  1037                           ;LAB7.c: 205:     OPTION_REGbits.PS0 = 1;
  1038  01D9  1401               	bsf	1,0	;volatile
  1039  01DA                     l830:
  1040                           
  1041                           ;LAB7.c: 207:     TMR0 = 254;
  1042  01DA  30FE               	movlw	254
  1043  01DB  1283               	bcf	3,5	;RP0=0, select bank0
  1044  01DC  1303               	bcf	3,6	;RP1=0, select bank0
  1045  01DD  0081               	movwf	1	;volatile
  1046  01DE                     l832:
  1047                           
  1048                           ;LAB7.c: 208:     INTCONbits.T0IF = 0;
  1049  01DE  110B               	bcf	11,2	;volatile
  1050  01DF                     l114:
  1051  01DF  0008               	return
  1052  01E0                     __end_of_cfg_t0:
  1053                           
  1054                           	psect	text5
  1055  01F1                     __ptext5:	
  1056 ;; *************** function _cfg_iocb *****************
  1057 ;; Defined at:
  1058 ;;		line 193 in file "LAB7.c"
  1059 ;; Parameters:    Size  Location     Type
  1060 ;;		None
  1061 ;; Auto vars:     Size  Location     Type
  1062 ;;		None
  1063 ;; Return value:  Size  Location     Type
  1064 ;;                  1    wreg      void 
  1065 ;; Registers used:
  1066 ;;		wreg
  1067 ;; Tracked objects:
  1068 ;;		On entry : 0/0
  1069 ;;		On exit  : 0/0
  1070 ;;		Unchanged: 0/0
  1071 ;; Data sizes:     COMMON   BANK0   BANK1   BANK3   BANK2
  1072 ;;      Params:         0       0       0       0       0
  1073 ;;      Locals:         0       0       0       0       0
  1074 ;;      Temps:          0       0       0       0       0
  1075 ;;      Totals:         0       0       0       0       0
  1076 ;;Total ram usage:        0 bytes
  1077 ;; Hardware stack levels used:    1
  1078 ;; Hardware stack levels required when called:    2
  1079 ;; This function calls:
  1080 ;;		Nothing
  1081 ;; This function is called by:
  1082 ;;		_main
  1083 ;; This function uses a non-reentrant model
  1084 ;;
  1085                           
  1086                           
  1087                           ;psect for function _cfg_iocb
  1088  01F1                     _cfg_iocb:
  1089  01F1                     l822:	
  1090                           ;incstack = 0
  1091                           ; Regs used in _cfg_iocb: [wreg]
  1092                           
  1093                           
  1094                           ;LAB7.c: 194:     IOCB = 0X03 ;
  1095  01F1  3003               	movlw	3
  1096  01F2  1683               	bsf	3,5	;RP0=1, select bank1
  1097  01F3  1303               	bcf	3,6	;RP1=0, select bank1
  1098  01F4  0096               	movwf	22	;volatile
  1099  01F5                     l824:
  1100                           
  1101                           ;LAB7.c: 195:     INTCONbits.RBIF = 0;
  1102  01F5  100B               	bcf	11,0	;volatile
  1103  01F6                     l111:
  1104  01F6  0008               	return
  1105  01F7                     __end_of_cfg_iocb:
  1106                           
  1107                           	psect	text6
  1108  019A                     __ptext6:	
  1109 ;; *************** function _cfg_io *****************
  1110 ;; Defined at:
  1111 ;;		line 156 in file "LAB7.c"
  1112 ;; Parameters:    Size  Location     Type
  1113 ;;		None
  1114 ;; Auto vars:     Size  Location     Type
  1115 ;;		None
  1116 ;; Return value:  Size  Location     Type
  1117 ;;                  1    wreg      void 
  1118 ;; Registers used:
  1119 ;;		wreg, status,2
  1120 ;; Tracked objects:
  1121 ;;		On entry : 0/0
  1122 ;;		On exit  : 0/0
  1123 ;;		Unchanged: 0/0
  1124 ;; Data sizes:     COMMON   BANK0   BANK1   BANK3   BANK2
  1125 ;;      Params:         0       0       0       0       0
  1126 ;;      Locals:         0       0       0       0       0
  1127 ;;      Temps:          0       0       0       0       0
  1128 ;;      Totals:         0       0       0       0       0
  1129 ;;Total ram usage:        0 bytes
  1130 ;; Hardware stack levels used:    1
  1131 ;; Hardware stack levels required when called:    2
  1132 ;; This function calls:
  1133 ;;		Nothing
  1134 ;; This function is called by:
  1135 ;;		_main
  1136 ;; This function uses a non-reentrant model
  1137 ;;
  1138                           
  1139                           
  1140                           ;psect for function _cfg_io
  1141  019A                     _cfg_io:
  1142  019A                     l800:	
  1143                           ;incstack = 0
  1144                           ; Regs used in _cfg_io: [wreg+status,2]
  1145                           
  1146                           
  1147                           ;LAB7.c: 157:     ANSEL = 0x00;
  1148  019A  1683               	bsf	3,5	;RP0=1, select bank3
  1149  019B  1703               	bsf	3,6	;RP1=1, select bank3
  1150  019C  0188               	clrf	8	;volatile
  1151                           
  1152                           ;LAB7.c: 158:     ANSELH = 0X00;
  1153  019D  0189               	clrf	9	;volatile
  1154  019E                     l802:
  1155                           
  1156                           ;LAB7.c: 160:     TRISB = 0x03;
  1157  019E  3003               	movlw	3
  1158  019F  1683               	bsf	3,5	;RP0=1, select bank1
  1159  01A0  1303               	bcf	3,6	;RP1=0, select bank1
  1160  01A1  0086               	movwf	6	;volatile
  1161  01A2                     l804:
  1162                           
  1163                           ;LAB7.c: 161:     TRISC = 0x00;
  1164  01A2  0187               	clrf	7	;volatile
  1165  01A3                     l806:
  1166                           
  1167                           ;LAB7.c: 162:     TRISA = 0X00;
  1168  01A3  0185               	clrf	5	;volatile
  1169  01A4                     l808:
  1170                           
  1171                           ;LAB7.c: 163:     TRISD = 0X00;
  1172  01A4  0188               	clrf	8	;volatile
  1173  01A5                     l810:
  1174                           
  1175                           ;LAB7.c: 166:     OPTION_REGbits.nRBPU = 0 ;
  1176  01A5  1381               	bcf	1,7	;volatile
  1177                           
  1178                           ;LAB7.c: 167:     WPUB = 0x03;
  1179  01A6  3003               	movlw	3
  1180  01A7  0095               	movwf	21	;volatile
  1181  01A8                     l812:
  1182                           
  1183                           ;LAB7.c: 169:     PORTB = 0x00;
  1184  01A8  1283               	bcf	3,5	;RP0=0, select bank0
  1185  01A9  1303               	bcf	3,6	;RP1=0, select bank0
  1186  01AA  0186               	clrf	6	;volatile
  1187  01AB                     l814:
  1188                           
  1189                           ;LAB7.c: 170:     PORTC = 0x00;
  1190  01AB  0187               	clrf	7	;volatile
  1191  01AC                     l816:
  1192                           
  1193                           ;LAB7.c: 171:     PORTA = 0x00;
  1194  01AC  0185               	clrf	5	;volatile
  1195  01AD                     l102:
  1196  01AD  0008               	return
  1197  01AE                     __end_of_cfg_io:
  1198                           
  1199                           	psect	text7
  1200  01F7                     __ptext7:	
  1201 ;; *************** function _cfg_inte *****************
  1202 ;; Defined at:
  1203 ;;		line 184 in file "LAB7.c"
  1204 ;; Parameters:    Size  Location     Type
  1205 ;;		None
  1206 ;; Auto vars:     Size  Location     Type
  1207 ;;		None
  1208 ;; Return value:  Size  Location     Type
  1209 ;;                  1    wreg      void 
  1210 ;; Registers used:
  1211 ;;		None
  1212 ;; Tracked objects:
  1213 ;;		On entry : 0/0
  1214 ;;		On exit  : 0/0
  1215 ;;		Unchanged: 0/0
  1216 ;; Data sizes:     COMMON   BANK0   BANK1   BANK3   BANK2
  1217 ;;      Params:         0       0       0       0       0
  1218 ;;      Locals:         0       0       0       0       0
  1219 ;;      Temps:          0       0       0       0       0
  1220 ;;      Totals:         0       0       0       0       0
  1221 ;;Total ram usage:        0 bytes
  1222 ;; Hardware stack levels used:    1
  1223 ;; Hardware stack levels required when called:    2
  1224 ;; This function calls:
  1225 ;;		Nothing
  1226 ;; This function is called by:
  1227 ;;		_main
  1228 ;; This function uses a non-reentrant model
  1229 ;;
  1230                           
  1231                           
  1232                           ;psect for function _cfg_inte
  1233  01F7                     _cfg_inte:
  1234  01F7                     l820:	
  1235                           ;incstack = 0
  1236                           ; Regs used in _cfg_inte: []
  1237                           
  1238                           
  1239                           ;LAB7.c: 185:     INTCONbits.GIE = 1;
  1240  01F7  178B               	bsf	11,7	;volatile
  1241                           
  1242                           ;LAB7.c: 186:     INTCONbits.T0IE = 1;
  1243  01F8  168B               	bsf	11,5	;volatile
  1244                           
  1245                           ;LAB7.c: 187:     INTCONbits.RBIE = 1;
  1246  01F9  158B               	bsf	11,3	;volatile
  1247                           
  1248                           ;LAB7.c: 188:     INTCONbits.RBIF = 0;
  1249  01FA  100B               	bcf	11,0	;volatile
  1250                           
  1251                           ;LAB7.c: 189:     INTCONbits.T0IF = 0;
  1252  01FB  110B               	bcf	11,2	;volatile
  1253  01FC                     l108:	
  1254                           ;LAB7.c: 191:     return;
  1255                           
  1256  01FC  0008               	return
  1257  01FD                     __end_of_cfg_inte:
  1258                           
  1259                           	psect	text8
  1260  01EA                     __ptext8:	
  1261 ;; *************** function _cfg_clk *****************
  1262 ;; Defined at:
  1263 ;;		line 176 in file "LAB7.c"
  1264 ;; Parameters:    Size  Location     Type
  1265 ;;		None
  1266 ;; Auto vars:     Size  Location     Type
  1267 ;;		None
  1268 ;; Return value:  Size  Location     Type
  1269 ;;                  1    wreg      void 
  1270 ;; Registers used:
  1271 ;;		None
  1272 ;; Tracked objects:
  1273 ;;		On entry : 0/0
  1274 ;;		On exit  : 0/0
  1275 ;;		Unchanged: 0/0
  1276 ;; Data sizes:     COMMON   BANK0   BANK1   BANK3   BANK2
  1277 ;;      Params:         0       0       0       0       0
  1278 ;;      Locals:         0       0       0       0       0
  1279 ;;      Temps:          0       0       0       0       0
  1280 ;;      Totals:         0       0       0       0       0
  1281 ;;Total ram usage:        0 bytes
  1282 ;; Hardware stack levels used:    1
  1283 ;; Hardware stack levels required when called:    2
  1284 ;; This function calls:
  1285 ;;		Nothing
  1286 ;; This function is called by:
  1287 ;;		_main
  1288 ;; This function uses a non-reentrant model
  1289 ;;
  1290                           
  1291                           
  1292                           ;psect for function _cfg_clk
  1293  01EA                     _cfg_clk:
  1294  01EA                     l818:	
  1295                           ;incstack = 0
  1296                           ; Regs used in _cfg_clk: []
  1297                           
  1298                           
  1299                           ;LAB7.c: 177:     OSCCONbits.IRCF2 = 0;
  1300  01EA  1683               	bsf	3,5	;RP0=1, select bank1
  1301  01EB  1303               	bcf	3,6	;RP1=0, select bank1
  1302  01EC  130F               	bcf	15,6	;volatile
  1303                           
  1304                           ;LAB7.c: 178:     OSCCONbits.IRCF1 = 1;
  1305  01ED  168F               	bsf	15,5	;volatile
  1306                           
  1307                           ;LAB7.c: 179:     OSCCONbits.IRCF0 = 1;
  1308  01EE  160F               	bsf	15,4	;volatile
  1309                           
  1310                           ;LAB7.c: 180:     OSCCONbits.SCS = 1;
  1311  01EF  140F               	bsf	15,0	;volatile
  1312  01F0                     l105:	
  1313                           ;LAB7.c: 182:     return;
  1314                           
  1315  01F0  0008               	return
  1316  01F1                     __end_of_cfg_clk:
  1317                           
  1318                           	psect	text9
  1319  0181                     __ptext9:	
  1320 ;; *************** function _isr *****************
  1321 ;; Defined at:
  1322 ;;		line 67 in file "LAB7.c"
  1323 ;; Parameters:    Size  Location     Type
  1324 ;;		None
  1325 ;; Auto vars:     Size  Location     Type
  1326 ;;		None
  1327 ;; Return value:  Size  Location     Type
  1328 ;;                  1    wreg      void 
  1329 ;; Registers used:
  1330 ;;		wreg, status,2, status,0, pclath, cstack
  1331 ;; Tracked objects:
  1332 ;;		On entry : 0/0
  1333 ;;		On exit  : 0/0
  1334 ;;		Unchanged: 0/0
  1335 ;; Data sizes:     COMMON   BANK0   BANK1   BANK3   BANK2
  1336 ;;      Params:         0       0       0       0       0
  1337 ;;      Locals:         0       0       0       0       0
  1338 ;;      Temps:          2       0       0       0       0
  1339 ;;      Totals:         2       0       0       0       0
  1340 ;;Total ram usage:        2 bytes
  1341 ;; Hardware stack levels used:    1
  1342 ;; Hardware stack levels required when called:    1
  1343 ;; This function calls:
  1344 ;;		_int_iocb
  1345 ;;		_int_t0
  1346 ;; This function is called by:
  1347 ;;		Interrupt level 1
  1348 ;; This function uses a non-reentrant model
  1349 ;;
  1350                           
  1351                           
  1352                           ;psect for function _isr
  1353  0181                     _isr:
  1354  0181                     i1l968:
  1355                           
  1356                           ;LAB7.c: 69:     if (INTCONbits.T0IF){
  1357  0181  1D0B               	btfss	11,2	;volatile
  1358  0182  2984               	goto	u39_21
  1359  0183  2985               	goto	u39_20
  1360  0184                     u39_21:
  1361  0184  298A               	goto	i1l972
  1362  0185                     u39_20:
  1363  0185                     i1l970:
  1364                           
  1365                           ;LAB7.c: 70:         int_t0();
  1366  0185  120A  118A  2135  120A  118A  	fcall	_int_t0
  1367  018A                     i1l972:
  1368                           
  1369                           ;LAB7.c: 72:     if (INTCONbits.RBIF){
  1370  018A  1C0B               	btfss	11,0	;volatile
  1371  018B  298D               	goto	u40_21
  1372  018C  298E               	goto	u40_20
  1373  018D                     u40_21:
  1374  018D  2993               	goto	i1l75
  1375  018E                     u40_20:
  1376  018E                     i1l974:
  1377                           
  1378                           ;LAB7.c: 73:         int_iocb();
  1379  018E  120A  118A  21C1  120A  118A  	fcall	_int_iocb
  1380  0193                     i1l75:
  1381  0193  0872               	movf	??_isr+1,w
  1382  0194  008A               	movwf	10
  1383  0195  0E71               	swapf	??_isr,w
  1384  0196  0083               	movwf	3
  1385  0197  0EFE               	swapf	btemp,f
  1386  0198  0E7E               	swapf	btemp,w
  1387  0199  0009               	retfie
  1388  019A                     __end_of_isr:
  1389                           
  1390                           	psect	intentry
  1391  0004                     __pintentry:	
  1392                           ;incstack = 0
  1393                           ; Regs used in _isr: [wreg+status,2+status,0+pclath+cstack]
  1394                           
  1395  0004                     interrupt_function:
  1396  007E                     saved_w	set	btemp
  1397  0004  00FE               	movwf	btemp
  1398  0005  0E03               	swapf	3,w
  1399  0006  00F1               	movwf	??_isr
  1400  0007  080A               	movf	10,w
  1401  0008  00F2               	movwf	??_isr+1
  1402  0009  120A  118A  2981   	ljmp	_isr
  1403                           
  1404                           	psect	text10
  1405  0135                     __ptext10:	
  1406 ;; *************** function _int_t0 *****************
  1407 ;; Defined at:
  1408 ;;		line 76 in file "LAB7.c"
  1409 ;; Parameters:    Size  Location     Type
  1410 ;;		None
  1411 ;; Auto vars:     Size  Location     Type
  1412 ;;		None
  1413 ;; Return value:  Size  Location     Type
  1414 ;;                  1    wreg      void 
  1415 ;; Registers used:
  1416 ;;		wreg, status,2, status,0
  1417 ;; Tracked objects:
  1418 ;;		On entry : 0/0
  1419 ;;		On exit  : 0/0
  1420 ;;		Unchanged: 0/0
  1421 ;; Data sizes:     COMMON   BANK0   BANK1   BANK3   BANK2
  1422 ;;      Params:         0       0       0       0       0
  1423 ;;      Locals:         0       0       0       0       0
  1424 ;;      Temps:          1       0       0       0       0
  1425 ;;      Totals:         1       0       0       0       0
  1426 ;;Total ram usage:        1 bytes
  1427 ;; Hardware stack levels used:    1
  1428 ;; This function calls:
  1429 ;;		Nothing
  1430 ;; This function is called by:
  1431 ;;		_isr
  1432 ;; This function uses a non-reentrant model
  1433 ;;
  1434                           
  1435                           
  1436                           ;psect for function _int_t0
  1437  0135                     _int_t0:
  1438  0135                     i1l926:	
  1439                           ;incstack = 0
  1440                           ; Regs used in _int_t0: [wreg+status,2+status,0]
  1441                           
  1442                           
  1443                           ;LAB7.c: 77:     PORTD = 0X00;
  1444  0135  1283               	bcf	3,5	;RP0=0, select bank0
  1445  0136  1303               	bcf	3,6	;RP1=0, select bank0
  1446  0137  0188               	clrf	8	;volatile
  1447  0138                     i1l928:
  1448                           
  1449                           ;LAB7.c: 78:     if (cont == 0X00){
  1450  0138  087A               	movf	_cont,w
  1451  0139  1D03               	btfss	3,2
  1452  013A  293C               	goto	u36_21
  1453  013B  293D               	goto	u36_20
  1454  013C                     u36_21:
  1455  013C  2946               	goto	i1l934
  1456  013D                     u36_20:
  1457  013D                     i1l930:
  1458                           
  1459                           ;LAB7.c: 79:         PORTD = udisp;
  1460  013D  0824               	movf	_udisp,w
  1461  013E  0088               	movwf	8	;volatile
  1462                           
  1463                           ;LAB7.c: 80:         PORTA = 0x06;
  1464  013F  3006               	movlw	6
  1465  0140  0085               	movwf	5	;volatile
  1466  0141                     i1l932:
  1467                           
  1468                           ;LAB7.c: 81:         cont++;
  1469  0141  3001               	movlw	1
  1470  0142  00F0               	movwf	??_int_t0
  1471  0143  0870               	movf	??_int_t0,w
  1472  0144  07FA               	addwf	_cont,f
  1473                           
  1474                           ;LAB7.c: 82:     }
  1475  0145  295B               	goto	i1l946
  1476  0146                     i1l934:
  1477  0146  037A               	decf	_cont,w
  1478  0147  1D03               	btfss	3,2
  1479  0148  294A               	goto	u37_21
  1480  0149  294B               	goto	u37_20
  1481  014A                     u37_21:
  1482  014A  2950               	goto	i1l940
  1483  014B                     u37_20:
  1484  014B                     i1l936:
  1485                           
  1486                           ;LAB7.c: 84:         PORTD = ddisp;
  1487  014B  0822               	movf	_ddisp,w
  1488  014C  0088               	movwf	8	;volatile
  1489                           
  1490                           ;LAB7.c: 85:         PORTA = 0x05;
  1491  014D  3005               	movlw	5
  1492  014E  0085               	movwf	5	;volatile
  1493  014F  2941               	goto	i1l932
  1494  0150                     i1l940:
  1495  0150  3002               	movlw	2
  1496  0151  067A               	xorwf	_cont,w
  1497  0152  1D03               	btfss	3,2
  1498  0153  2955               	goto	u38_21
  1499  0154  2956               	goto	u38_20
  1500  0155                     u38_21:
  1501  0155  295B               	goto	i1l946
  1502  0156                     u38_20:
  1503  0156                     i1l942:
  1504                           
  1505                           ;LAB7.c: 89:         PORTD = cdisp;
  1506  0156  0820               	movf	_cdisp,w
  1507  0157  0088               	movwf	8	;volatile
  1508                           
  1509                           ;LAB7.c: 90:         PORTA = 0x03;
  1510  0158  3003               	movlw	3
  1511  0159  0085               	movwf	5	;volatile
  1512  015A                     i1l944:
  1513                           
  1514                           ;LAB7.c: 91:         cont = 0x00;
  1515  015A  01FA               	clrf	_cont
  1516  015B                     i1l946:
  1517                           
  1518                           ;LAB7.c: 95:     TMR0 = 254;
  1519  015B  30FE               	movlw	254
  1520  015C  0081               	movwf	1	;volatile
  1521  015D                     i1l948:
  1522                           
  1523                           ;LAB7.c: 96:     INTCONbits.T0IF = 0;
  1524  015D  110B               	bcf	11,2	;volatile
  1525  015E                     i1l83:
  1526  015E  0008               	return
  1527  015F                     __end_of_int_t0:
  1528                           
  1529                           	psect	text11
  1530  01C1                     __ptext11:	
  1531 ;; *************** function _int_iocb *****************
  1532 ;; Defined at:
  1533 ;;		line 100 in file "LAB7.c"
  1534 ;; Parameters:    Size  Location     Type
  1535 ;;		None
  1536 ;; Auto vars:     Size  Location     Type
  1537 ;;		None
  1538 ;; Return value:  Size  Location     Type
  1539 ;;                  1    wreg      void 
  1540 ;; Registers used:
  1541 ;;		wreg, status,2, status,0
  1542 ;; Tracked objects:
  1543 ;;		On entry : 0/0
  1544 ;;		On exit  : 0/0
  1545 ;;		Unchanged: 0/0
  1546 ;; Data sizes:     COMMON   BANK0   BANK1   BANK3   BANK2
  1547 ;;      Params:         0       0       0       0       0
  1548 ;;      Locals:         0       0       0       0       0
  1549 ;;      Temps:          1       0       0       0       0
  1550 ;;      Totals:         1       0       0       0       0
  1551 ;;Total ram usage:        1 bytes
  1552 ;; Hardware stack levels used:    1
  1553 ;; This function calls:
  1554 ;;		Nothing
  1555 ;; This function is called by:
  1556 ;;		_isr
  1557 ;; This function uses a non-reentrant model
  1558 ;;
  1559                           
  1560                           
  1561                           ;psect for function _int_iocb
  1562  01C1                     _int_iocb:
  1563  01C1                     i1l790:	
  1564                           ;incstack = 0
  1565                           ; Regs used in _int_iocb: [wreg+status,2+status,0]
  1566                           
  1567                           
  1568                           ;LAB7.c: 102:     if (PORTBbits.RB0 == 0){
  1569  01C1  1283               	bcf	3,5	;RP0=0, select bank0
  1570  01C2  1303               	bcf	3,6	;RP1=0, select bank0
  1571  01C3  1806               	btfsc	6,0	;volatile
  1572  01C4  29C6               	goto	u18_21
  1573  01C5  29C7               	goto	u18_20
  1574  01C6                     u18_21:
  1575  01C6  29CB               	goto	i1l794
  1576  01C7                     u18_20:
  1577  01C7                     i1l792:
  1578                           
  1579                           ;LAB7.c: 103:         PORTC++;
  1580  01C7  3001               	movlw	1
  1581  01C8  00F0               	movwf	??_int_iocb
  1582  01C9  0870               	movf	??_int_iocb,w
  1583  01CA  0787               	addwf	7,f	;volatile
  1584  01CB                     i1l794:
  1585                           
  1586                           ;LAB7.c: 105:     if (PORTBbits.RB1 == 0){
  1587  01CB  1886               	btfsc	6,1	;volatile
  1588  01CC  29CE               	goto	u19_21
  1589  01CD  29CF               	goto	u19_20
  1590  01CE                     u19_21:
  1591  01CE  29D1               	goto	i1l798
  1592  01CF                     u19_20:
  1593  01CF                     i1l796:
  1594                           
  1595                           ;LAB7.c: 106:         PORTC--;
  1596  01CF  3001               	movlw	1
  1597  01D0  0287               	subwf	7,f	;volatile
  1598  01D1                     i1l798:
  1599                           
  1600                           ;LAB7.c: 108:     INTCONbits.RBIF = 0;
  1601  01D1  100B               	bcf	11,0	;volatile
  1602  01D2                     i1l88:
  1603  01D2  0008               	return
  1604  01D3                     __end_of_int_iocb:
  1605  007E                     btemp	set	126	;btemp
  1606  007E                     wtemp0	set	126
  1607                           
  1608                           	psect	config
  1609                           
  1610                           ;Config register CONFIG1 @ 0x2007
  1611                           ;	Oscillator Selection bits
  1612                           ;	FOSC = INTRC_NOCLKOUT, INTOSCIO oscillator: I/O function on RA6/OSC2/CLKOUT pin, I/O f
      +                          unction on RA7/OSC1/CLKIN
  1613                           ;	Watchdog Timer Enable bit
  1614                           ;	WDTE = OFF, WDT disabled and can be enabled by SWDTEN bit of the WDTCON register
  1615                           ;	Power-up Timer Enable bit
  1616                           ;	PWRTE = OFF, PWRT disabled
  1617                           ;	RE3/MCLR pin function select bit
  1618                           ;	MCLRE = ON, RE3/MCLR pin function is MCLR
  1619                           ;	Code Protection bit
  1620                           ;	CP = OFF, Program memory code protection is disabled
  1621                           ;	Data Code Protection bit
  1622                           ;	CPD = OFF, Data memory code protection is disabled
  1623                           ;	Brown Out Reset Selection bits
  1624                           ;	BOREN = OFF, BOR disabled
  1625                           ;	Internal External Switchover bit
  1626                           ;	IESO = OFF, Internal/External Switchover mode is disabled
  1627                           ;	Fail-Safe Clock Monitor Enabled bit
  1628                           ;	FCMEN = OFF, Fail-Safe Clock Monitor is disabled
  1629                           ;	Low Voltage Programming Enable bit
  1630                           ;	LVP = ON, RB3/PGM pin has PGM function, low voltage programming enabled
  1631                           ;	In-Circuit Debugger Mode bit
  1632                           ;	DEBUG = 0x1, unprogrammed default
  1633  2007                     	org	8199
  1634  2007  30F4               	dw	12532
  1635                           
  1636                           ;Config register CONFIG2 @ 0x2008
  1637                           ;	Brown-out Reset Selection bit
  1638                           ;	BOR4V = BOR40V, Brown-out Reset set to 4.0V
  1639                           ;	Flash Program Memory Self Write Enable bits
  1640                           ;	WRT = OFF, Write protection off
  1641  2008                     	org	8200
  1642  2008  3FFF               	dw	16383

Data Sizes:
    Strings     0
    Constant    0
    Data        10
    BSS         1
    Persistent  14
    Stack       0

Auto Spaces:
    Space          Size  Autos    Used
    COMMON           14      8      11
    BANK0            80      6      28
    BANK1            80      0       0
    BANK3            96      0       0
    BANK2            96      0       0

Pointer List with Targets:

    None.

Critical Paths under _main in COMMON

    _decim->___awdiv

Critical Paths under _isr in COMMON

    _isr->_int_iocb
    _isr->_int_t0

Critical Paths under _main in BANK0

    _main->_decim
    _decim->___awdiv

Critical Paths under _isr in BANK0

    None.

Critical Paths under _main in BANK1

    None.

Critical Paths under _isr in BANK1

    None.

Critical Paths under _main in BANK3

    None.

Critical Paths under _isr in BANK3

    None.

Critical Paths under _main in BANK2

    None.

Critical Paths under _isr in BANK2

    None.

Call Graph Tables:

 ---------------------------------------------------------------------------------
 (Depth) Function   	        Calls       Base Space   Used Autos Params    Refs
 ---------------------------------------------------------------------------------
 (0) _main                                                 0     0      0    1100
                            _cfg_clk
                           _cfg_inte
                             _cfg_io
                           _cfg_iocb
                             _cfg_t0
                              _decim
 ---------------------------------------------------------------------------------
 (1) _decim                                                2     2      0    1100
                                              4 BANK0      2     2      0
                            ___awdiv
                             ___wmul
 ---------------------------------------------------------------------------------
 (2) ___wmul                                               6     2      4     496
                                              3 COMMON     4     0      4
                                              0 BANK0      2     2      0
 ---------------------------------------------------------------------------------
 (2) ___awdiv                                              9     5      4     604
                                              3 COMMON     5     1      4
                                              0 BANK0      4     4      0
 ---------------------------------------------------------------------------------
 (1) _cfg_t0                                               0     0      0       0
 ---------------------------------------------------------------------------------
 (1) _cfg_iocb                                             0     0      0       0
 ---------------------------------------------------------------------------------
 (1) _cfg_io                                               0     0      0       0
 ---------------------------------------------------------------------------------
 (1) _cfg_inte                                             0     0      0       0
 ---------------------------------------------------------------------------------
 (1) _cfg_clk                                              0     0      0       0
 ---------------------------------------------------------------------------------
 Estimated maximum stack depth 2
 ---------------------------------------------------------------------------------
 (Depth) Function   	        Calls       Base Space   Used Autos Params    Refs
 ---------------------------------------------------------------------------------
 (3) _isr                                                  2     2      0       0
                                              1 COMMON     2     2      0
                           _int_iocb
                             _int_t0
 ---------------------------------------------------------------------------------
 (4) _int_t0                                               1     1      0       0
                                              0 COMMON     1     1      0
 ---------------------------------------------------------------------------------
 (4) _int_iocb                                             1     1      0       0
                                              0 COMMON     1     1      0
 ---------------------------------------------------------------------------------
 Estimated maximum stack depth 4
 ---------------------------------------------------------------------------------

 Call Graph Graphs:

 _main (ROOT)
   _cfg_clk
   _cfg_inte
   _cfg_io
   _cfg_iocb
   _cfg_t0
   _decim
     ___awdiv
     ___wmul

 _isr (ROOT)
   _int_iocb
   _int_t0

 Address spaces:
Name               Size   Autos  Total    Cost      Usage
BANK3               60      0       0       9        0.0%
BITBANK3            60      0       0       8        0.0%
SFR3                 0      0       0       4        0.0%
BITSFR3              0      0       0       4        0.0%
BANK2               60      0       0      11        0.0%
BITBANK2            60      0       0      10        0.0%
SFR2                 0      0       0       5        0.0%
BITSFR2              0      0       0       5        0.0%
BANK1               50      0       0       7        0.0%
BITBANK1            50      0       0       6        0.0%
SFR1                 0      0       0       2        0.0%
BITSFR1              0      0       0       2        0.0%
BANK0               50      6      1C       5       35.0%
BITBANK0            50      0       0       4        0.0%
SFR0                 0      0       0       1        0.0%
BITSFR0              0      0       0       1        0.0%
COMMON               E      8       B       1       78.6%
BITCOMMON            E      0       0       0        0.0%
CODE                 0      0       0       0        0.0%
DATA                 0      0      27      12        0.0%
ABS                  0      0      27       3        0.0%
NULL                 0      0       0       0        0.0%
STACK                0      0       0       2        0.0%
EEDATA             100      0       0       0        0.0%


Microchip Technology PIC Macro Assembler V2.31 build 20201012212115 
Symbol Table                                                                                   Sun Apr 18 23:29:16 2021

                      pc 0002                       l99 00A0             ___awdiv@sign 0037  
                     fsr 0004      ___wmul@multiplicand 0075                      l102 01AD  
                    l111 01F6                      l200 011A                      l105 01F0  
                    l114 01DF                      l202 0134                      l108 01FC  
                    l353 0109                      l800 019A                      l810 01A5  
                    l802 019E                      l820 01F7                      l812 01A8  
                    l804 01A2                      l900 00C4                      l814 01AB  
                    l806 01A3                      l822 01F1                      l830 01DA  
                    l910 00E7                      l902 00C7                      l816 01AC  
                    l808 01A4                      l824 01F5                      l832 01DE  
                    l920 0100                      l912 00ED                      l904 00CE  
                    l818 01EA                      l922 0105                      l914 00EE  
                    l906 00D2                      l828 01D3                      l916 00F5  
                    l908 00D6                      l918 00FB                      l890 00AF  
                    l882 00A1                      l892 00B3                      l884 00A4  
                    l894 00B8                      l886 00A8                      l990 0121  
                    l896 00BC                      l888 00AD                      l992 0128  
                    l984 010A                      l898 00BE                      l994 012E  
                    l986 010E                      l988 0112                      l998 0022  
                    u300 00D6                      u301 00D5                      u320 00E7  
                    u321 00E6                      u410 0112                      u315 00D7  
                    u411 0111                      u340 00FB                      u260 00A8  
                    u341 00FA                      u325 00E3                      u261 00A7  
                    u350 0100                      u270 00B3                      u351 00FF  
                    u335 00EF                      u271 00B2                      u280 00C4  
                    u440 012E                      u281 00C3                      u441 012D  
                    u425 011B                      u435 0122                      u295 00C8  
                    _isr 0181                      _num 0078                      fsr0 0004  
                    indf 0000                     l1000 002B                     l1010 008C  
                   l1002 003E                     l1012 0096                     l1004 0053  
                   l1020 0178                     l1006 0066                     l1014 015F  
                   l1008 0081                     l1016 0164                     l1018 0169  
                   ?_isr 0070                     _IOCB 0096                     i1l83 015E  
                   i1l75 0193                     i1l88 01D2                     _TMR0 0001  
                   _WPUB 0095                     _cont 007A                     _main 015F  
                   _num0 002A                     _num1 0028                     _num2 0026  
                   btemp 007E                     start 000C                    ??_isr 0071  
                  ?_main 0070          __end_of___awdiv 010A                    _ANSEL 0188  
        ___awdiv@divisor 0073                    i1l930 013D                    i1l940 0150  
                  i1l932 0141                    i1l790 01C1                    i1l942 0156  
                  i1l934 0146                    i1l926 0135                    i1l792 01C7  
                  i1l944 015A                    i1l936 014B                    i1l928 0138  
                  i1l794 01CB                    i1l946 015B                    i1l970 0185  
                  i1l796 01CF                    i1l948 015D                    i1l972 018A  
                  i1l798 01D1                    i1l974 018E                    i1l968 0181  
        ___awdiv@counter 0036                    u40_20 018E                    u40_21 018D  
                  u18_20 01C7                    u18_21 01C6                    u19_20 01CF  
                  u19_21 01CE                    _PORTA 0005                    _PORTB 0006  
                  _PORTC 0007                    _PORTD 0008                    u36_20 013D  
                  u36_21 013C                    u37_20 014B                    u37_21 014A  
                  u38_20 0156                    u38_21 0155          __end_of_cfg_clk 01F1  
                  u39_20 0185                    u39_21 0184                    _TRISA 0085  
                  _TRISB 0086                    _TRISC 0087                    _TRISD 0088  
                  _decim 0022                    _cdisp 0020                    _ddisp 0022  
                  _udisp 0024                    pclath 000A                    status 0003  
                  wtemp0 007E          __initialization 000F             __end_of_main 0181  
                 ??_main 0078                   ?_decim 0070         ___awdiv@dividend 0075  
                 _ANSELH 0189         __end_of_cfg_iocb 01F7         __end_of_cfg_inte 01FD  
                 _cfg_t0 01D3                   ___wmul 010A                ??___awdiv 0077  
                 _cfg_io 019A                ??_cfg_clk 0073                   _int_t0 0135  
       __end_of_int_iocb 01D3         ___awdiv@quotient 0038                   saved_w 007E  
__end_of__initialization 001E           __pcstackCOMMON 0070             __pidataBANK0 01E0  
          __end_of_decim 00A1           _OPTION_REGbits 0081                  ??_decim 003A  
             __pnvCOMMON 0078               __pmaintext 015F                  ?_cfg_t0 0070  
                ?___wmul 0073                  ?_cfg_io 0070               __pintentry 0004  
                ?_int_t0 0070                ?_cfg_iocb 0070                ?_cfg_inte 0070  
              ?_int_iocb 0070                  ___awdiv 00A1          __size_of_cfg_t0 000D  
        __size_of___wmul 002B          __size_of_cfg_io 0014                  _cfg_clk 01EA  
        __size_of_int_t0 002A                  __ptext1 0022                  __ptext2 010A  
                __ptext3 00A1                  __ptext4 01D3                  __ptext5 01F1  
                __ptext6 019A                  __ptext7 01F7                  __ptext8 01EA  
                __ptext9 0181                  _tab7seg 002C               ??_cfg_iocb 0073  
             ??_cfg_inte 0073             __size_of_isr 0019     end_of_initialization 001E  
             ??_int_iocb 0070                _PORTBbits 0006           __end_of_cfg_t0 01E0  
         __end_of___wmul 0135           __end_of_cfg_io 01AE           __end_of_int_t0 015F  
    start_initialization 000F              __end_of_isr 019A                 ??_cfg_t0 0073  
               ??___wmul 0077                 ??_cfg_io 0073               init_fetch0 01AE  
            __pdataBANK0 002C                 ??_int_t0 0070              __pbssCOMMON 007A  
              ___latbits 0002            __pcstackBANK0 0036        __size_of_cfg_iocb 0006  
      __size_of_cfg_inte 0006                __pnvBANK0 0020        __size_of_int_iocb 0012  
               ?___awdiv 0073                 ?_cfg_clk 0070           __size_of_decim 007F  
      interrupt_function 0004           ___wmul@product 0036        ___wmul@multiplier 0073  
       __size_of___awdiv 0069         __size_of_cfg_clk 0007                 _cfg_iocb 01F1  
               _cfg_inte 01F7                 __ptext10 0135                 __ptext11 01C1  
          __size_of_main 0022                 _int_iocb 01C1               _INTCONbits 000B  
               init_ram0 01B2                 intlevel1 0000               _OSCCONbits 008F  
